{"numFailedTestSuites":0,"numFailedTests":0,"numPassedTestSuites":1,"numPassedTests":7,"numPendingTestSuites":0,"numPendingTests":0,"numRuntimeErrorTestSuites":0,"numTodoTests":0,"numTotalTestSuites":1,"numTotalTests":7,"openHandles":[],"snapshot":{"added":0,"didUpdate":false,"failure":false,"filesAdded":0,"filesRemoved":0,"filesRemovedList":[],"filesUnmatched":0,"filesUpdated":0,"matched":0,"total":0,"unchecked":0,"uncheckedKeysByFile":[],"unmatched":0,"updated":0},"startTime":1765930624933,"success":true,"testResults":[{"assertionResults":[{"ancestorTitles":["App.jsのテスト"],"failureMessages":[],"fullName":"App.jsのテスト TestAppコンポーネントが描画される","location":null,"status":"passed","title":"TestAppコンポーネントが描画される"},{"ancestorTitles":["index.jsのテスト"],"failureMessages":[],"fullName":"index.jsのテスト Appがクラッシュせず描画される","location":null,"status":"passed","title":"Appがクラッシュせず描画される"},{"ancestorTitles":["testApp.jsxのテスト"],"failureMessages":[],"fullName":"testApp.jsxのテスト 初期表示でタスクが無い旨が表示される","location":null,"status":"passed","title":"初期表示でタスクが無い旨が表示される"},{"ancestorTitles":["testApp.jsxのテスト"],"failureMessages":[],"fullName":"testApp.jsxのテスト タスクを追加できる","location":null,"status":"passed","title":"タスクを追加できる"},{"ancestorTitles":["testApp.jsxのテスト"],"failureMessages":[],"fullName":"testApp.jsxのテスト タスクを完了・未完了にできる","location":null,"status":"passed","title":"タスクを完了・未完了にできる"},{"ancestorTitles":["testApp.jsxのテスト"],"failureMessages":[],"fullName":"testApp.jsxのテスト タスクを削除できる","location":null,"status":"passed","title":"タスクを削除できる"},{"ancestorTitles":["testApp.jsxのテスト"],"failureMessages":[],"fullName":"testApp.jsxのテスト フィルターで未完了・完了タスクを切り替えられる","location":null,"status":"passed","title":"フィルターで未完了・完了タスクを切り替えられる"}],"endTime":1765930630727,"message":"","name":"C:\\Users\\hirayama\\Documents\\作業資料\\GitHubCopilotセミナー\\20_ソースコード\\04_SampleProject\\my-todo-app\\src\\testcase.test.js","startTime":1765930627130,"status":"passed","summary":""}],"wasInterrupted":false}