{"numFailedTestSuites":0,"numFailedTests":0,"numPassedTestSuites":1,"numPassedTests":10,"numPendingTestSuites":0,"numPendingTests":0,"numRuntimeErrorTestSuites":0,"numTodoTests":0,"numTotalTestSuites":1,"numTotalTests":10,"openHandles":[],"snapshot":{"added":0,"didUpdate":false,"failure":false,"filesAdded":0,"filesRemoved":0,"filesRemovedList":[],"filesUnmatched":0,"filesUpdated":0,"matched":0,"total":0,"unchecked":0,"uncheckedKeysByFile":[],"unmatched":0,"updated":0},"startTime":1765864751079,"success":true,"testResults":[{"assertionResults":[{"ancestorTitles":["App"],"failureMessages":[],"fullName":"App TestAppコンポーネントが描画される","location":null,"status":"passed","title":"TestAppコンポーネントが描画される"},{"ancestorTitles":["App"],"failureMessages":[],"fullName":"App Appクラス名のdivが存在する","location":null,"status":"passed","title":"Appクラス名のdivが存在する"},{"ancestorTitles":["index.js"],"failureMessages":[],"fullName":"index.js reportWebVitalsが呼ばれる","location":null,"status":"passed","title":"reportWebVitalsが呼ばれる"},{"ancestorTitles":["TestApp"],"failureMessages":[],"fullName":"TestApp 初期表示でタスクがない場合、\"タスクはありません\"と表示される","location":null,"status":"passed","title":"初期表示でタスクがない場合、\"タスクはありません\"と表示される"},{"ancestorTitles":["TestApp"],"failureMessages":[],"fullName":"TestApp タスクを追加できる","location":null,"status":"passed","title":"タスクを追加できる"},{"ancestorTitles":["TestApp"],"failureMessages":[],"fullName":"TestApp 空欄で追加しようとするとアラートが表示される","location":null,"status":"passed","title":"空欄で追加しようとするとアラートが表示される"},{"ancestorTitles":["TestApp"],"failureMessages":[],"fullName":"TestApp タスクを完了状態にできる","location":null,"status":"passed","title":"タスクを完了状態にできる"},{"ancestorTitles":["TestApp"],"failureMessages":[],"fullName":"TestApp タスクを削除できる","location":null,"status":"passed","title":"タスクを削除できる"},{"ancestorTitles":["TestApp"],"failureMessages":[],"fullName":"TestApp フィルターで未完了・完了タスクを切り替えられる","location":null,"status":"passed","title":"フィルターで未完了・完了タスクを切り替えられる"},{"ancestorTitles":["TestApp"],"failureMessages":[],"fullName":"TestApp バージョン情報が表示される","location":null,"status":"passed","title":"バージョン情報が表示される"}],"endTime":1765864758357,"message":"","name":"C:\\Users\\hirayama\\Documents\\作業資料\\GitHubCopilotセミナー\\20_ソースコード\\04_SampleProject\\my-todo-app\\src\\testcase.test.js","startTime":1765864754763,"status":"passed","summary":""}],"wasInterrupted":false}